Copyright 1986-2020 Xilinx, Inc. All Rights Reserved.
---------------------------------------------------------------------------------------------------------------------------
| Tool Version : Vivado v.2020.1 (win64) Build 2902540 Wed May 27 19:54:49 MDT 2020
| Date         : Wed Jul 29 17:20:55 2020
| Host         : LAPTOP-CHGNO6TI running 64-bit major release  (build 9200)
| Command      : report_drc -file Camera_Demo_drc_routed.rpt -pb Camera_Demo_drc_routed.pb -rpx Camera_Demo_drc_routed.rpx
| Design       : Camera_Demo
| Device       : xc7s15ftgb196-1
| Speed File   : -1
| Design State : Fully Routed
---------------------------------------------------------------------------------------------------------------------------

Report DRC

Table of Contents
-----------------
1. REPORT SUMMARY
2. REPORT DETAILS

1. REPORT SUMMARY
-----------------
            Netlist: netlist
          Floorplan: design_1
      Design limits: <entire design considered>
           Ruledeck: default
             Max violations: <unlimited>
             Violations found: 2
+----------+----------+--------------------------+------------+
| Rule     | Severity | Description              | Violations |
+----------+----------+--------------------------+------------+
| BUFC-1   | Warning  | Input Buffer Connections | 1          |
| PDRC-153 | Warning  | Gated clock check        | 1          |
+----------+----------+--------------------------+------------+

2. REPORT DETAILS
-----------------
BUFC-1#1 Warning
Input Buffer Connections  
Input buffer Camera_IIC_SDA_IOBUF/IBUF (in Camera_IIC_SDA_IOBUF macro) has no loads. It is recommended to have an input buffer drive an internal load.
Related violations: <none>

PDRC-153#1 Warning
Gated clock check  
Net MIPI_Trans_Driver/Driver_Bayer_To_RGB0/E[0] is a gated clock net sourced by a combinational pin MIPI_Trans_Driver/Driver_Bayer_To_RGB0/temp_reg[23]_i_1/O, cell MIPI_Trans_Driver/Driver_Bayer_To_RGB0/temp_reg[23]_i_1. This is not good design practice and will likely impact performance. For SLICE registers, for example, use the CE pin to control the loading of data.
Related violations: <none>


