Copyright 1986-2020 Xilinx, Inc. All Rights Reserved.
------------------------------------------------------------------------------------
| Tool Version : Vivado v.2020.1 (win64) Build 2902540 Wed May 27 19:54:49 MDT 2020
| Date         : Tue Jul 28 17:05:07 2020
| Host         : LAPTOP-CHGNO6TI running 64-bit major release  (build 9200)
| Command      : report_control_sets -verbose -file RGB_led_control_sets_placed.rpt
| Design       : RGB_led
| Device       : xc7s15
------------------------------------------------------------------------------------

Control Set Information

Table of Contents
-----------------
1. Summary
2. Histogram
3. Flip-Flop Distribution
4. Detailed Control Set Information

1. Summary
----------

+----------------------------------------------------------+-------+
|                          Status                          | Count |
+----------------------------------------------------------+-------+
| Total control sets                                       |     3 |
|    Minimum number of control sets                        |     3 |
|    Addition due to synthesis replication                 |     0 |
|    Addition due to physical synthesis replication        |     0 |
| Unused register locations in slices containing registers |    18 |
+----------------------------------------------------------+-------+
* Control sets can be merged at opt_design using control_set_merge or merge_equivalent_drivers
** Run report_qor_suggestions for automated merging and remapping suggestions


2. Histogram
------------

+--------------------+-------+
|       Fanout       | Count |
+--------------------+-------+
| Total control sets |     3 |
| >= 0 to < 4        |     1 |
| >= 4 to < 6        |     0 |
| >= 6 to < 8        |     0 |
| >= 8 to < 10       |     1 |
| >= 10 to < 12      |     1 |
| >= 12 to < 14      |     0 |
| >= 14 to < 16      |     0 |
| >= 16              |     0 |
+--------------------+-------+
* Control sets can be remapped at either synth_design or opt_design


3. Flip-Flop Distribution
-------------------------

+--------------+-----------------------+------------------------+-----------------+--------------+
| Clock Enable | Synchronous Set/Reset | Asynchronous Set/Reset | Total Registers | Total Slices |
+--------------+-----------------------+------------------------+-----------------+--------------+
| No           | No                    | No                     |               0 |            0 |
| No           | No                    | Yes                    |               3 |            2 |
| No           | Yes                   | No                     |               0 |            0 |
| Yes          | No                    | No                     |               0 |            0 |
| Yes          | No                    | Yes                    |              19 |            8 |
| Yes          | Yes                   | No                     |               0 |            0 |
+--------------+-----------------------+------------------------+-----------------+--------------+


4. Detailed Control Set Information
-----------------------------------

+-----------------------+------------------------------+-------------------------+------------------+----------------+--------------+
|      Clock Signal     |         Enable Signal        |     Set/Reset Signal    | Slice Load Count | Bel Load Count | Bels / Slice |
+-----------------------+------------------------------+-------------------------+------------------+----------------+--------------+
|  clk_10/inst/clk_out1 |                              | led/inst/LED_IO_i_2_n_0 |                2 |              3 |         1.50 |
|  clk_10/inst/clk_out1 | led/inst/Data_Cnt[8]_i_1_n_0 | led/inst/LED_IO_i_2_n_0 |                3 |              9 |         3.00 |
|  clk_10/inst/clk_out1 | led/inst/Send_Cnt[9]_i_1_n_0 | led/inst/LED_IO_i_2_n_0 |                5 |             10 |         2.00 |
+-----------------------+------------------------------+-------------------------+------------------+----------------+--------------+


