#-----------------------------------------------------------
# Vivado v2018.3 (64-bit)
# SW Build 2405991 on Thu Dec  6 23:38:27 MST 2018
# IP Build 2404404 on Fri Dec  7 01:43:56 MST 2018
# Start of session at: Mon Jul 27 14:04:44 2020
# Process ID: 17368
# Current directory: D:/xilinx/Camera_Demo
# Command line: vivado.exe -gui_launcher_event rodinguilauncherevent9052 D:\xilinx\Camera_Demo\Camera_Demo.xpr
# Log file: D:/xilinx/Camera_Demo/vivado.log
# Journal file: D:/xilinx/Camera_Demo\vivado.jou
#-----------------------------------------------------------
start_gui
open_project D:/xilinx/Camera_Demo/Camera_Demo.xpr
CRITICAL WARNING: [Project 1-19] Could not find the file 'E:/FPGA-Demo-Project/Camera_Demo/tcl/Elimate_Constraints_Error.tcl'.
Scanning sources...
Finished scanning sources
INFO: [IP_Flow 19-234] Refreshing IP repositories
INFO: [IP_Flow 19-1700] Loaded user IP repository 'd:/xilinx/Camera_Demo/IP_Core'.
INFO: [IP_Flow 19-2313] Loaded Vivado IP repository 'D:/2020/xilinx/Vivado/2018.3/data/ip'.
open_project: Time (s): cpu = 00:00:23 ; elapsed = 00:00:29 . Memory (MB): peak = 795.203 ; gain = 228.059
update_compile_order -fileset sources_1
exit
INFO: [Common 17-206] Exiting Vivado at Mon Jul 27 19:10:38 2020...
