#-----------------------------------------------------------
# Vivado v2018.3 (64-bit)
# SW Build 2405991 on Thu Dec  6 23:38:27 MST 2018
# IP Build 2404404 on Fri Dec  7 01:43:56 MST 2018
# Start of session at: Mon Jul 27 19:11:30 2020
# Process ID: 11168
# Current directory: D:/xilinx/RGBcamera
# Command line: vivado.exe -gui_launcher_event rodinguilauncherevent17072 D:\xilinx\RGBcamera\Camera_Demo.xpr
# Log file: D:/xilinx/RGBcamera/vivado.log
# Journal file: D:/xilinx/RGBcamera\vivado.jou
#-----------------------------------------------------------
start_gui
open_project D:/xilinx/RGBcamera/Camera_Demo.xpr
INFO: [Project 1-313] Project file moved from 'D:/xilinx/Camera_Demo' since last save.
CRITICAL WARNING: [Project 1-19] Could not find the file 'E:/FPGA-Demo-Project/Camera_Demo/tcl/Elimate_Constraints_Error.tcl'.
Scanning sources...
Finished scanning sources
INFO: [IP_Flow 19-234] Refreshing IP repositories
INFO: [IP_Flow 19-1700] Loaded user IP repository 'd:/xilinx/RGBcamera/IP_Core'.
INFO: [IP_Flow 19-2313] Loaded Vivado IP repository 'D:/2020/xilinx/Vivado/2018.3/data/ip'.
open_project: Time (s): cpu = 00:00:18 ; elapsed = 00:00:11 . Memory (MB): peak = 798.945 ; gain = 194.703
update_compile_order -fileset sources_1
synth_design -rtl -name rtl_1
Command: synth_design -rtl -name rtl_1
Starting synth_design
Using part: xc7s15ftgb196-1
Top: Camera_Demo
---------------------------------------------------------------------------------
Starting RTL Elaboration : Time (s): cpu = 00:00:03 ; elapsed = 00:00:03 . Memory (MB): peak = 1424.602 ; gain = 0.000
---------------------------------------------------------------------------------
INFO: [Synth 8-6157] synthesizing module 'Camera_Demo' [D:/xilinx/RGBcamera/Camera_Demo.srcs/sources_1/new/Camera_Demo.v:23]
INFO: [Synth 8-6157] synthesizing module 'clk_wiz_0' [D:/xilinx/RGBcamera/.Xil/Vivado-11168-DESKTOP-CBOB74N/realtime/clk_wiz_0_stub.v:5]
INFO: [Synth 8-6155] done synthesizing module 'clk_wiz_0' (1#1) [D:/xilinx/RGBcamera/.Xil/Vivado-11168-DESKTOP-CBOB74N/realtime/clk_wiz_0_stub.v:5]
INFO: [Synth 8-6157] synthesizing module 'rgb2dvi_0' [D:/xilinx/RGBcamera/.Xil/Vivado-11168-DESKTOP-CBOB74N/realtime/rgb2dvi_0_stub.v:6]
INFO: [Synth 8-6155] done synthesizing module 'rgb2dvi_0' (2#1) [D:/xilinx/RGBcamera/.Xil/Vivado-11168-DESKTOP-CBOB74N/realtime/rgb2dvi_0_stub.v:6]
INFO: [Synth 8-6157] synthesizing module 'Driver_MIPI' [D:/xilinx/RGBcamera/Camera_Demo.srcs/sources_1/new/Driver_MIPI.v:23]
INFO: [Synth 8-6157] synthesizing module 'clk_wiz_1' [D:/xilinx/RGBcamera/.Xil/Vivado-11168-DESKTOP-CBOB74N/realtime/clk_wiz_1_stub.v:5]
INFO: [Synth 8-6155] done synthesizing module 'clk_wiz_1' (3#1) [D:/xilinx/RGBcamera/.Xil/Vivado-11168-DESKTOP-CBOB74N/realtime/clk_wiz_1_stub.v:5]
INFO: [Synth 8-6157] synthesizing module 'csi2_d_phy_rx_0' [D:/xilinx/RGBcamera/.Xil/Vivado-11168-DESKTOP-CBOB74N/realtime/csi2_d_phy_rx_0_stub.v:6]
INFO: [Synth 8-6155] done synthesizing module 'csi2_d_phy_rx_0' (4#1) [D:/xilinx/RGBcamera/.Xil/Vivado-11168-DESKTOP-CBOB74N/realtime/csi2_d_phy_rx_0_stub.v:6]
WARNING: [Synth 8-350] instance 'Data_Read' of module 'csi2_d_phy_rx_0' requires 33 connections, but only 25 given [D:/xilinx/RGBcamera/Camera_Demo.srcs/sources_1/new/Driver_MIPI.v:75]
INFO: [Synth 8-6157] synthesizing module 'csi_to_axis_0' [D:/xilinx/RGBcamera/.Xil/Vivado-11168-DESKTOP-CBOB74N/realtime/csi_to_axis_0_stub.v:6]
INFO: [Synth 8-6155] done synthesizing module 'csi_to_axis_0' (5#1) [D:/xilinx/RGBcamera/.Xil/Vivado-11168-DESKTOP-CBOB74N/realtime/csi_to_axis_0_stub.v:6]
INFO: [Synth 8-6157] synthesizing module 'Driver_Csi_To_Dvp' [D:/xilinx/RGBcamera/Camera_Demo.srcs/sources_1/new/Driver_Csi_To_Dvp.v:23]
	Parameter Default_AXIS_TREADY bound to: 1'b1 
	Parameter WIDTH bound to: 12 - type: integer 
	Parameter HSIZE bound to: 1280 - type: integer 
	Parameter HFP bound to: 1390 - type: integer 
	Parameter HSP bound to: 1430 - type: integer 
	Parameter HMAX bound to: 1650 - type: integer 
	Parameter VSIZE bound to: 720 - type: integer 
	Parameter VFP bound to: 725 - type: integer 
	Parameter VSP bound to: 730 - type: integer 
	Parameter VMAX bound to: 750 - type: integer 
	Parameter HSPP bound to: 0 - type: integer 
	Parameter VSPP bound to: 0 - type: integer 
INFO: [Synth 8-6157] synthesizing module 'AXIS_Data_RAM' [D:/xilinx/RGBcamera/.Xil/Vivado-11168-DESKTOP-CBOB74N/realtime/AXIS_Data_RAM_stub.v:6]
INFO: [Synth 8-6155] done synthesizing module 'AXIS_Data_RAM' (6#1) [D:/xilinx/RGBcamera/.Xil/Vivado-11168-DESKTOP-CBOB74N/realtime/AXIS_Data_RAM_stub.v:6]
INFO: [Synth 8-6155] done synthesizing module 'Driver_Csi_To_Dvp' (7#1) [D:/xilinx/RGBcamera/Camera_Demo.srcs/sources_1/new/Driver_Csi_To_Dvp.v:23]
INFO: [Synth 8-6157] synthesizing module 'Driver_Bayer_To_RGB' [D:/xilinx/RGBcamera/Camera_Demo.srcs/sources_1/new/Driver_Bayer_To_RGB.v:23]
	Parameter WIDTH bound to: 12 - type: integer 
	Parameter HSIZE bound to: 1280 - type: integer 
	Parameter HFP bound to: 1390 - type: integer 
	Parameter HSP bound to: 1430 - type: integer 
	Parameter HMAX bound to: 1650 - type: integer 
	Parameter VSIZE bound to: 720 - type: integer 
	Parameter VFP bound to: 725 - type: integer 
	Parameter VSP bound to: 730 - type: integer 
	Parameter VMAX bound to: 750 - type: integer 
	Parameter HSPP bound to: 0 - type: integer 
	Parameter VSPP bound to: 0 - type: integer 
	Parameter DELAY_LINE bound to: 2 - type: integer 
	Parameter ST_IDLE bound to: 3'b000 
	Parameter ST_IDLE_START bound to: 3'b001 
	Parameter ST_PATTERN0 bound to: 3'b010 
	Parameter ST_PATTERN1 bound to: 3'b011 
	Parameter ST_IDLE_GR bound to: 3'b100 
	Parameter ST_PATTERN2 bound to: 3'b101 
	Parameter ST_PATTERN3 bound to: 3'b110 
INFO: [Synth 8-6157] synthesizing module 'RAM_Line' [D:/xilinx/RGBcamera/.Xil/Vivado-11168-DESKTOP-CBOB74N/realtime/RAM_Line_stub.v:6]
INFO: [Synth 8-6155] done synthesizing module 'RAM_Line' (8#1) [D:/xilinx/RGBcamera/.Xil/Vivado-11168-DESKTOP-CBOB74N/realtime/RAM_Line_stub.v:6]
INFO: [Synth 8-6155] done synthesizing module 'Driver_Bayer_To_RGB' (9#1) [D:/xilinx/RGBcamera/Camera_Demo.srcs/sources_1/new/Driver_Bayer_To_RGB.v:23]
INFO: [Synth 8-6155] done synthesizing module 'Driver_MIPI' (10#1) [D:/xilinx/RGBcamera/Camera_Demo.srcs/sources_1/new/Driver_MIPI.v:23]
INFO: [Synth 8-6157] synthesizing module 'IOBUF' [D:/2020/xilinx/Vivado/2018.3/scripts/rt/data/unisim_comp.v:23615]
	Parameter DRIVE bound to: 12 - type: integer 
	Parameter IBUF_LOW_PWR bound to: TRUE - type: string 
	Parameter IOSTANDARD bound to: DEFAULT - type: string 
	Parameter SLEW bound to: SLOW - type: string 
INFO: [Synth 8-6155] done synthesizing module 'IOBUF' (11#1) [D:/2020/xilinx/Vivado/2018.3/scripts/rt/data/unisim_comp.v:23615]
INFO: [Synth 8-6157] synthesizing module 'OV5647_Init' [D:/xilinx/RGBcamera/Camera_Demo.srcs/sources_1/new/OV5647_Init.v:23]
	Parameter SLAVE_ADDRESS bound to: 8'b01101100 
	Parameter INITIAL_NUM bound to: 8'b01011000 
	Parameter REG_ADDR2_EN bound to: 1'b1 
	Parameter WR_HOLD_T bound to: 4'b1010 
	Parameter WR_VALID bound to: 1'b1 
	Parameter WAIT_DELAY bound to: 20'b00011000011010100000 
	Parameter IDLE bound to: 2'b00 
	Parameter START bound to: 2'b01 
	Parameter WAIT bound to: 2'b10 
	Parameter END bound to: 2'b11 
INFO: [Synth 8-6157] synthesizing module 'ROM_OV5647' [D:/xilinx/RGBcamera/Camera_Demo.srcs/sources_1/new/OV5647_Init.v:243]
INFO: [Synth 8-6155] done synthesizing module 'ROM_OV5647' (12#1) [D:/xilinx/RGBcamera/Camera_Demo.srcs/sources_1/new/OV5647_Init.v:243]
INFO: [Synth 8-6157] synthesizing module 'Trigger_Generator' [D:/xilinx/RGBcamera/Camera_Demo.srcs/sources_1/new/Trigger_Generator.v:23]
	Parameter ST_WAIT bound to: 2'b00 
	Parameter ST_START bound to: 2'b01 
	Parameter ST_HOLD bound to: 2'b10 
	Parameter ST_END bound to: 2'b11 
INFO: [Synth 8-6155] done synthesizing module 'Trigger_Generator' (13#1) [D:/xilinx/RGBcamera/Camera_Demo.srcs/sources_1/new/Trigger_Generator.v:23]
WARNING: [Synth 8-6014] Unused sequential element en_rd_rom_reg was removed.  [D:/xilinx/RGBcamera/Camera_Demo.srcs/sources_1/new/OV5647_Init.v:133]
INFO: [Synth 8-6155] done synthesizing module 'OV5647_Init' (14#1) [D:/xilinx/RGBcamera/Camera_Demo.srcs/sources_1/new/OV5647_Init.v:23]
INFO: [Synth 8-6157] synthesizing module 'Driver_IIC' [D:/xilinx/RGBcamera/Camera_Demo.srcs/sources_1/new/Driver_IIC.v:22]
	Parameter System_Clk_MHz bound to: 13'b0000001100100 
	Parameter Set_IIC_SCL_kHz bound to: 13'b0000001100100 
	Parameter SCL_Divider bound to: 13'b0000000000001 
	Parameter SCL_SUM bound to: 13'b0001111101000 
	Parameter SCL_H_START bound to: 0 - type: integer 
	Parameter SCL_H_CENTER bound to: 249 - type: integer 
	Parameter SCL_L_START bound to: 499 - type: integer 
	Parameter SCL_L_CENTER bound to: 749 - type: integer 
	Parameter ST_IDLE bound to: 5'b00000 
	Parameter ST_START bound to: 5'b00001 
	Parameter ST_W_SADDR bound to: 5'b00010 
	Parameter ST_ACK_0 bound to: 5'b00011 
	Parameter ST_W_ADDR_H bound to: 5'b00100 
	Parameter ST_ACK_1 bound to: 5'b00101 
	Parameter ST_W_ADDR_L bound to: 5'b00110 
	Parameter ST_ACK_2 bound to: 5'b00111 
	Parameter ST_W_DATA bound to: 5'b01000 
	Parameter ST_ACK_3 bound to: 5'b01001 
	Parameter ST_START_R bound to: 5'b01010 
	Parameter ST_W_SADDR_R bound to: 5'b01011 
	Parameter ST_ACK_4 bound to: 5'b01100 
	Parameter ST_R_DATA bound to: 5'b01101 
	Parameter ST_NACK bound to: 5'b01110 
	Parameter ST_STOP bound to: 5'b01111 
INFO: [Synth 8-155] case statement is not full and has no default [D:/xilinx/RGBcamera/Camera_Demo.srcs/sources_1/new/Driver_IIC.v:388]
WARNING: [Synth 8-5788] Register data_r_o_reg in module Driver_IIC is has both Set and reset with same priority. This may cause simulation mismatches. Consider rewriting code  [D:/xilinx/RGBcamera/Camera_Demo.srcs/sources_1/new/Driver_IIC.v:112]
INFO: [Synth 8-6155] done synthesizing module 'Driver_IIC' (15#1) [D:/xilinx/RGBcamera/Camera_Demo.srcs/sources_1/new/Driver_IIC.v:22]
WARNING: [Synth 8-3848] Net iic_read in module/entity Camera_Demo does not have driver. [D:/xilinx/RGBcamera/Camera_Demo.srcs/sources_1/new/Camera_Demo.v:109]
INFO: [Synth 8-6155] done synthesizing module 'Camera_Demo' (16#1) [D:/xilinx/RGBcamera/Camera_Demo.srcs/sources_1/new/Camera_Demo.v:23]
---------------------------------------------------------------------------------
Finished RTL Elaboration : Time (s): cpu = 00:00:04 ; elapsed = 00:00:04 . Memory (MB): peak = 1424.602 ; gain = 0.000
---------------------------------------------------------------------------------

Report Check Netlist: 
+------+------------------+-------+---------+-------+------------------+
|      |Item              |Errors |Warnings |Status |Description       |
+------+------------------+-------+---------+-------+------------------+
|1     |multi_driven_nets |      0|        0|Passed |Multi driven nets |
+------+------------------+-------+---------+-------+------------------+
WARNING: [Synth 8-3295] tying undriven pin MIPI_Camera_IIC:i_iic_read to constant 0 [D:/xilinx/RGBcamera/Camera_Demo.srcs/sources_1/new/Camera_Demo.v:127]
---------------------------------------------------------------------------------
Start Handling Custom Attributes
---------------------------------------------------------------------------------
---------------------------------------------------------------------------------
Finished Handling Custom Attributes : Time (s): cpu = 00:00:04 ; elapsed = 00:00:04 . Memory (MB): peak = 1424.602 ; gain = 0.000
---------------------------------------------------------------------------------
---------------------------------------------------------------------------------
Finished RTL Optimization Phase 1 : Time (s): cpu = 00:00:04 ; elapsed = 00:00:04 . Memory (MB): peak = 1424.602 ; gain = 0.000
---------------------------------------------------------------------------------
INFO: [Project 1-454] Reading design checkpoint 'd:/xilinx/RGBcamera/Camera_Demo.srcs/sources_1/ip/clk_wiz_0/clk_wiz_0.dcp' for cell 'clk_10'
INFO: [Project 1-454] Reading design checkpoint 'd:/xilinx/RGBcamera/Camera_Demo.srcs/sources_1/ip/rgb2dvi_0/rgb2dvi_0.dcp' for cell 'Mini_HDMI_Driver'
INFO: [Project 1-454] Reading design checkpoint 'd:/xilinx/RGBcamera/Camera_Demo.srcs/sources_1/ip/clk_wiz_1/clk_wiz_1.dcp' for cell 'MIPI_Trans_Driver/camera_clock'
INFO: [Project 1-454] Reading design checkpoint 'd:/xilinx/RGBcamera/Camera_Demo.srcs/sources_1/ip/csi2_d_phy_rx_0/csi2_d_phy_rx_0.dcp' for cell 'MIPI_Trans_Driver/Data_Read'
INFO: [Project 1-454] Reading design checkpoint 'd:/xilinx/RGBcamera/Camera_Demo.srcs/sources_1/ip/csi_to_axis_0/csi_to_axis_0.dcp' for cell 'MIPI_Trans_Driver/Data_To_Csi'
INFO: [Project 1-454] Reading design checkpoint 'd:/xilinx/RGBcamera/Camera_Demo.srcs/sources_1/ip/AXIS_Data_RAM/AXIS_Data_RAM.dcp' for cell 'MIPI_Trans_Driver/Driver_Csi_To_Dvp0/RAM_AXIS'
INFO: [Project 1-454] Reading design checkpoint 'd:/xilinx/RGBcamera/Camera_Demo.srcs/sources_1/ip/RAM_Line/RAM_Line.dcp' for cell 'MIPI_Trans_Driver/Driver_Bayer_To_RGB0/RAM_Line_Buff0'
INFO: [Netlist 29-17] Analyzing 46 Unisim elements for replacement
INFO: [Netlist 29-28] Unisim Transformation completed in 0 CPU seconds
INFO: [Project 1-479] Netlist was created with Vivado 2018.3
INFO: [Device 21-403] Loading part xc7s15ftgb196-1
INFO: [Project 1-570] Preparing netlist for logic optimization
WARNING: [Opt 31-32] Removing redundant IBUF since it is not being driven by a top-level port. MIPI_Trans_Driver/camera_clock/inst/clkin1_ibufg 
Resolution: The tool has removed redundant IBUF. To resolve this warning, check for redundant IBUF in the input design.
INFO: [Opt 31-140] Inserted 3 IBUFs to IO ports without IO buffers.
INFO: [Opt 31-141] Inserted 1 OBUFs to IO ports without IO buffers.
WARNING: [Constraints 18-550] Could not create 'IBUF_LOW_PWR' constraint because net 'MIPI_Trans_Driver/camera_clock/clk_in1' is not directly connected to top level port. Synthesis is ignored for IBUF_LOW_PWR but preserved for implementation.

Processing XDC Constraints
Initializing timing engine
Parsing XDC File [d:/xilinx/RGBcamera/Camera_Demo.srcs/sources_1/ip/csi_to_axis_0/hdl/csi_to_axis.xdc] for cell 'MIPI_Trans_Driver/Data_To_Csi/U0'
Finished Parsing XDC File [d:/xilinx/RGBcamera/Camera_Demo.srcs/sources_1/ip/csi_to_axis_0/hdl/csi_to_axis.xdc] for cell 'MIPI_Trans_Driver/Data_To_Csi/U0'
Parsing XDC File [d:/xilinx/RGBcamera/Camera_Demo.srcs/sources_1/ip/csi2_d_phy_rx_0/hdl/csi2_d_phy_rx.xdc] for cell 'MIPI_Trans_Driver/Data_Read/U0'
Finished Parsing XDC File [d:/xilinx/RGBcamera/Camera_Demo.srcs/sources_1/ip/csi2_d_phy_rx_0/hdl/csi2_d_phy_rx.xdc] for cell 'MIPI_Trans_Driver/Data_Read/U0'
Parsing XDC File [d:/xilinx/RGBcamera/Camera_Demo.srcs/sources_1/ip/rgb2dvi_0/src/rgb2dvi.xdc] for cell 'Mini_HDMI_Driver/U0'
Finished Parsing XDC File [d:/xilinx/RGBcamera/Camera_Demo.srcs/sources_1/ip/rgb2dvi_0/src/rgb2dvi.xdc] for cell 'Mini_HDMI_Driver/U0'
Parsing XDC File [d:/xilinx/RGBcamera/Camera_Demo.srcs/sources_1/ip/clk_wiz_0/clk_wiz_0_board.xdc] for cell 'clk_10/inst'
Finished Parsing XDC File [d:/xilinx/RGBcamera/Camera_Demo.srcs/sources_1/ip/clk_wiz_0/clk_wiz_0_board.xdc] for cell 'clk_10/inst'
Parsing XDC File [d:/xilinx/RGBcamera/Camera_Demo.srcs/sources_1/ip/clk_wiz_0/clk_wiz_0.xdc] for cell 'clk_10/inst'
Finished Parsing XDC File [d:/xilinx/RGBcamera/Camera_Demo.srcs/sources_1/ip/clk_wiz_0/clk_wiz_0.xdc] for cell 'clk_10/inst'
INFO: [Project 1-236] Implementation specific constraints were found while reading constraint file [d:/xilinx/RGBcamera/Camera_Demo.srcs/sources_1/ip/clk_wiz_0/clk_wiz_0.xdc]. These constraints will be ignored for synthesis but will be used in implementation. Impacted constraints are listed in the file [.Xil/Camera_Demo_propImpl.xdc].
Resolution: To avoid this warning, move constraints listed in [.Xil/Camera_Demo_propImpl.xdc] to another XDC file and exclude this new file from synthesis with the used_in_synthesis property (File Properties dialog in GUI) and re-run elaboration/synthesis.
Parsing XDC File [d:/xilinx/RGBcamera/Camera_Demo.srcs/sources_1/ip/clk_wiz_1/clk_wiz_1_board.xdc] for cell 'MIPI_Trans_Driver/camera_clock/inst'
Finished Parsing XDC File [d:/xilinx/RGBcamera/Camera_Demo.srcs/sources_1/ip/clk_wiz_1/clk_wiz_1_board.xdc] for cell 'MIPI_Trans_Driver/camera_clock/inst'
Parsing XDC File [d:/xilinx/RGBcamera/Camera_Demo.srcs/sources_1/ip/clk_wiz_1/clk_wiz_1.xdc] for cell 'MIPI_Trans_Driver/camera_clock/inst'
Finished Parsing XDC File [d:/xilinx/RGBcamera/Camera_Demo.srcs/sources_1/ip/clk_wiz_1/clk_wiz_1.xdc] for cell 'MIPI_Trans_Driver/camera_clock/inst'
INFO: [Project 1-236] Implementation specific constraints were found while reading constraint file [d:/xilinx/RGBcamera/Camera_Demo.srcs/sources_1/ip/clk_wiz_1/clk_wiz_1.xdc]. These constraints will be ignored for synthesis but will be used in implementation. Impacted constraints are listed in the file [.Xil/Camera_Demo_propImpl.xdc].
Resolution: To avoid this warning, move constraints listed in [.Xil/Camera_Demo_propImpl.xdc] to another XDC file and exclude this new file from synthesis with the used_in_synthesis property (File Properties dialog in GUI) and re-run elaboration/synthesis.
INFO: [Timing 38-2] Deriving generated clocks
Netlist sorting complete. Time (s): cpu = 00:00:00 ; elapsed = 00:00:00.001 . Memory (MB): peak = 1424.602 ; gain = 0.000
Parsing XDC File [D:/xilinx/RGBcamera/Camera_Demo.srcs/constrs_1/new/system.xdc]
Finished Parsing XDC File [D:/xilinx/RGBcamera/Camera_Demo.srcs/constrs_1/new/system.xdc]
INFO: [Project 1-236] Implementation specific constraints were found while reading constraint file [D:/xilinx/RGBcamera/Camera_Demo.srcs/constrs_1/new/system.xdc]. These constraints will be ignored for synthesis but will be used in implementation. Impacted constraints are listed in the file [.Xil/Camera_Demo_propImpl.xdc].
Resolution: To avoid this warning, move constraints listed in [.Xil/Camera_Demo_propImpl.xdc] to another XDC file and exclude this new file from synthesis with the used_in_synthesis property (File Properties dialog in GUI) and re-run elaboration/synthesis.
INFO: [Timing 38-2] Deriving generated clocks
Netlist sorting complete. Time (s): cpu = 00:00:00 ; elapsed = 00:00:00.001 . Memory (MB): peak = 1424.602 ; gain = 0.000
Parsing XDC File [d:/xilinx/RGBcamera/Camera_Demo.srcs/sources_1/ip/rgb2dvi_0/src/rgb2dvi_clocks.xdc] for cell 'Mini_HDMI_Driver/U0'
Finished Parsing XDC File [d:/xilinx/RGBcamera/Camera_Demo.srcs/sources_1/ip/rgb2dvi_0/src/rgb2dvi_clocks.xdc] for cell 'Mini_HDMI_Driver/U0'
Completed Processing XDC Constraints

INFO: [Opt 31-138] Pushed 0 inverter(s) to 0 load pin(s).
Netlist sorting complete. Time (s): cpu = 00:00:00 ; elapsed = 00:00:00.001 . Memory (MB): peak = 1424.602 ; gain = 0.000
INFO: [Project 1-111] Unisim Transformation Summary:
  A total of 1 instances were transformed.
  IOBUF => IOBUF (IBUF, OBUFT): 1 instances

RTL Elaboration Complete:  : Time (s): cpu = 00:00:21 ; elapsed = 00:00:18 . Memory (MB): peak = 1424.602 ; gain = 0.000
54 Infos, 7 Warnings, 0 Critical Warnings and 0 Errors encountered.
synth_design completed successfully
synth_design: Time (s): cpu = 00:00:21 ; elapsed = 00:00:18 . Memory (MB): peak = 1424.602 ; gain = 0.000
close [ open D:/xilinx/RGBcamera/Camera_Demo.srcs/sources_1/new/judge.v w ]
add_files D:/xilinx/RGBcamera/Camera_Demo.srcs/sources_1/new/judge.v
update_compile_order -fileset sources_1
update_compile_order -fileset sources_1
reset_run synth_1
launch_runs synth_1 -jobs 2
[Mon Jul 27 20:38:42 2020] Launched synth_1...
Run output will be captured here: D:/xilinx/RGBcamera/Camera_Demo.runs/synth_1/runme.log
launch_runs impl_1 -jobs 2
[Mon Jul 27 20:39:44 2020] Launched impl_1...
Run output will be captured here: D:/xilinx/RGBcamera/Camera_Demo.runs/impl_1/runme.log
launch_runs impl_1 -to_step write_bitstream -jobs 2
[Mon Jul 27 20:41:15 2020] Launched impl_1...
Run output will be captured here: D:/xilinx/RGBcamera/Camera_Demo.runs/impl_1/runme.log
reset_run synth_1
launch_runs synth_1 -jobs 2
[Mon Jul 27 20:49:03 2020] Launched synth_1...
Run output will be captured here: D:/xilinx/RGBcamera/Camera_Demo.runs/synth_1/runme.log
launch_runs impl_1 -jobs 2
[Mon Jul 27 20:50:26 2020] Launched impl_1...
Run output will be captured here: D:/xilinx/RGBcamera/Camera_Demo.runs/impl_1/runme.log
launch_runs impl_1 -to_step write_bitstream -jobs 2
[Mon Jul 27 20:51:57 2020] Launched impl_1...
Run output will be captured here: D:/xilinx/RGBcamera/Camera_Demo.runs/impl_1/runme.log
reset_run synth_1
launch_runs synth_1 -jobs 2
[Mon Jul 27 21:05:35 2020] Launched synth_1...
Run output will be captured here: D:/xilinx/RGBcamera/Camera_Demo.runs/synth_1/runme.log
launch_runs impl_1 -jobs 2
[Mon Jul 27 21:06:29 2020] Launched impl_1...
Run output will be captured here: D:/xilinx/RGBcamera/Camera_Demo.runs/impl_1/runme.log
launch_runs impl_1 -to_step write_bitstream -jobs 2
[Mon Jul 27 21:07:40 2020] Launched impl_1...
Run output will be captured here: D:/xilinx/RGBcamera/Camera_Demo.runs/impl_1/runme.log
reset_run impl_1
launch_runs impl_1 -jobs 2
[Mon Jul 27 21:13:14 2020] Launched impl_1...
Run output will be captured here: D:/xilinx/RGBcamera/Camera_Demo.runs/impl_1/runme.log
reset_run synth_1
launch_runs impl_1 -to_step write_bitstream -jobs 2
[Mon Jul 27 21:14:27 2020] Launched synth_1...
Run output will be captured here: D:/xilinx/RGBcamera/Camera_Demo.runs/synth_1/runme.log
[Mon Jul 27 21:14:27 2020] Launched impl_1...
Run output will be captured here: D:/xilinx/RGBcamera/Camera_Demo.runs/impl_1/runme.log
exit
INFO: [Common 17-206] Exiting Vivado at Mon Jul 27 22:00:36 2020...
